#
# There is insufficient memory for the Java Runtime Environment to continue.
# Native memory allocation (mmap) failed to map 236978176 bytes for committing reserved memory.
# Possible reasons:
#   The system is out of physical RAM or swap space
#   In 32 bit mode, the process size limit was hit
# Possible solutions:
#   Reduce memory load on the system
#   Increase physical memory or swap space
#   Check if swap backing store is full
#   Use 64 bit Java on a 64 bit OS
#   Decrease Java heap size (-Xmx/-Xms)
#   Decrease number of Java threads
#   Decrease Java thread stack sizes (-Xss)
#   Set larger code cache with -XX:ReservedCodeCacheSize=
# This output file may be truncated or incomplete.
#
#  Out of Memory Error (os_linux.cpp:2640), pid=3332, tid=0x00007f698b4f4700
#
# JRE version: OpenJDK Runtime Environment (8.0_152-b01) (build 1.8.0_152-release-1248-b01)
# Java VM: OpenJDK 64-Bit Server VM (25.152-b01 mixed mode linux-amd64 compressed oops)
# Failed to write core dump. Core dumps have been disabled. To enable core dumping, try "ulimit -c unlimited" before starting Java again
#

---------------  T H R E A D  ---------------

Current thread (0x00007f69a807a000):  VMThread [stack: 0x00007f698b3f5000,0x00007f698b4f5000] [id=3340]

Stack: [0x00007f698b3f5000,0x00007f698b4f5000],  sp=0x00007f698b4f34f0,  free space=1017k
Native frames: (J=compiled Java code, j=interpreted, Vv=VM code, C=native code)
V  [libjvm.so+0xa70d2f]  VMError::report_and_die()+0x2af
V  [libjvm.so+0x4c7207]  report_vm_out_of_memory(char const*, int, unsigned long, VMErrorType, char const*)+0x67
V  [libjvm.so+0x8b5b60]  os::pd_commit_memory(char*, unsigned long, unsigned long, bool)+0x100
V  [libjvm.so+0x8b077f]  os::commit_memory(char*, unsigned long, unsigned long, bool)+0x1f
V  [libjvm.so+0x92e436]  PSVirtualSpace::expand_by(unsigned long)+0x56
V  [libjvm.so+0x91d7db]  PSOldGen::expand_by(unsigned long) [clone .part.28]+0x1b
V  [libjvm.so+0x91d998]  PSOldGen::expand(unsigned long) [clone .part.29]+0xa8
V  [libjvm.so+0x91e541]  PSOldGen::resize(unsigned long)+0xe1
V  [libjvm.so+0x9245f6]  PSParallelCompact::invoke_no_policy(bool) [clone .part.118]+0x9e6
V  [libjvm.so+0x92c3c5]  PSScavenge::invoke()+0x215
V  [libjvm.so+0x8dbd98]  ParallelScavengeHeap::failed_mem_allocate(unsigned long)+0x68
V  [libjvm.so+0xa72863]  VM_ParallelGCFailedAllocation::doit()+0x93
V  [libjvm.so+0xa77896]  VM_Operation::evaluate()+0x46
V  [libjvm.so+0xa750f2]  VMThread::evaluate_operation(VM_Operation*) [clone .constprop.31]+0xa2
V  [libjvm.so+0xa7651b]  VMThread::loop()+0x37b
V  [libjvm.so+0xa768c8]  VMThread::run()+0x78
V  [libjvm.so+0x8b3322]  java_start(Thread*)+0x102

VM_Operation (0x00007f6958df8420): ParallelGCFailedAllocation, mode: safepoint, requested by thread 0x00007f6954003800


---------------  P R O C E S S  ---------------

Java Threads: ( => current thread )
  0x00007f69240f7000 JavaThread "RMI RenewClean-[127.0.0.1:38665,org.jetbrains.kotlin.daemon.common.LoopbackNetworkInterface$ClientLoopbackSocketFactory@7a68e9fe]" daemon [_thread_blocked, id=13997, stack(0x00007f6931fdc000,0x00007f69320dd000)]
  0x00007f6954003800 JavaThread "RMI TCP Connection(131)-127.0.0.1" daemon [_thread_blocked, id=13996, stack(0x00007f6958cfe000,0x00007f6958dff000)]
  0x00007f69180f0800 JavaThread "RMI RenewClean-[127.0.0.1:38665,org.jetbrains.kotlin.daemon.common.LoopbackNetworkInterface$ClientLoopbackSocketFactory@6d766d75]" daemon [_thread_blocked, id=13994, stack(0x00007f6988e12000,0x00007f6988f13000)]
  0x00007f695400e800 JavaThread "RMI TCP Connection(130)-127.0.0.1" daemon [_thread_in_native, id=13993, stack(0x00007f69318b7000,0x00007f69319b8000)]
  0x00007f6954007000 JavaThread "RMI TCP Connection(129)-127.0.0.1" daemon [_thread_in_native, id=13991, stack(0x00007f6989517000,0x00007f6989618000)]
  0x00007f6954005000 JavaThread "RMI TCP Connection(128)-127.0.0.1" daemon [_thread_in_native, id=13928, stack(0x00007f6989214000,0x00007f6989315000)]
  0x00007f6934fab800 JavaThread "RMI RenewClean-[127.0.0.1:38665,org.jetbrains.kotlin.daemon.common.LoopbackNetworkInterface$ClientLoopbackSocketFactory@b6196e8]" daemon [_thread_blocked, id=13715, stack(0x00007f6988d11000,0x00007f6988e12000)]
  0x00007f6918001800 JavaThread "RMI RenewClean-[127.0.0.1:38665,org.jetbrains.kotlin.daemon.common.LoopbackNetworkInterface$ClientLoopbackSocketFactory@13ffae23]" daemon [_thread_blocked, id=13558, stack(0x00007f6931ab9000,0x00007f6931bba000)]
  0x00007f693c076800 JavaThread "RMI RenewClean-[127.0.0.1:38665,org.jetbrains.kotlin.daemon.common.LoopbackNetworkInterface$ClientLoopbackSocketFactory@16547f1b]" daemon [_thread_blocked, id=13494, stack(0x00007f69320dd000,0x00007f69321de000)]
  0x00007f695050a000 JavaThread "RMI RenewClean-[127.0.0.1:38665,org.jetbrains.kotlin.daemon.common.LoopbackNetworkInterface$ClientLoopbackSocketFactory@4888e9b8]" daemon [_thread_blocked, id=13421, stack(0x00007f69319b8000,0x00007f6931ab9000)]
  0x00007f691c05a800 JavaThread "RMI RenewClean-[127.0.0.1:38665,org.jetbrains.kotlin.daemon.common.LoopbackNetworkInterface$ClientLoopbackSocketFactory@6a4869d8]" daemon [_thread_blocked, id=13263, stack(0x00007f6931dda000,0x00007f6931edb000)]
  0x00007f6950591800 JavaThread "RMI RenewClean-[127.0.0.1:38665,org.jetbrains.kotlin.daemon.common.LoopbackNetworkInterface$ClientLoopbackSocketFactory@135f721b]" daemon [_thread_blocked, id=13201, stack(0x00007f69326ff000,0x00007f6932800000)]
  0x00007f6924013000 JavaThread "RMI RenewClean-[127.0.0.1:38665,org.jetbrains.kotlin.daemon.common.LoopbackNetworkInterface$ClientLoopbackSocketFactory@7cdcafee]" daemon [_thread_blocked, id=13078, stack(0x00007f69321de000,0x00007f69322df000)]
  0x00007f6934aef000 JavaThread "RMI RenewClean-[127.0.0.1:38665,org.jetbrains.kotlin.daemon.common.LoopbackNetworkInterface$ClientLoopbackSocketFactory@63b63370]" daemon [_thread_blocked, id=12855, stack(0x00007f6988010000,0x00007f6988111000)]
  0x00007f693c011800 JavaThread "RMI Scheduler(0)" daemon [_thread_blocked, id=3355, stack(0x00007f6988f13000,0x00007f6989014000)]
  0x00007f69a800c000 JavaThread "DestroyJavaVM" [_thread_blocked, id=3335, stack(0x00007f69aeea8000,0x00007f69aefa8000)]
  0x00007f69a8341000 JavaThread "GC Daemon" daemon [_thread_blocked, id=3353, stack(0x00007f6989315000,0x00007f6989416000)]
  0x00007f69a833a000 JavaThread "RMI Reaper" [_thread_blocked, id=3352, stack(0x00007f6989416000,0x00007f6989517000)]
  0x00007f69a832d800 JavaThread "Timer-0" daemon [_thread_blocked, id=3350, stack(0x00007f6989618000,0x00007f6989719000)]
  0x00007f69a832a000 JavaThread "RMI TCP Accept-17060" daemon [_thread_in_native, id=3349, stack(0x00007f6989719000,0x00007f698981a000)]
  0x00007f69a80c3800 JavaThread "Service Thread" daemon [_thread_blocked, id=3347, stack(0x00007f698a19c000,0x00007f698a29d000)]
  0x00007f69a80c0000 JavaThread "C1 CompilerThread2" daemon [_thread_blocked, id=3346, stack(0x00007f698a29e000,0x00007f698a39e000)]
  0x00007f69a80be800 JavaThread "C2 CompilerThread1" daemon [_thread_blocked, id=3345, stack(0x00007f698a39f000,0x00007f698a49f000)]
  0x00007f69a80bb800 JavaThread "C2 CompilerThread0" daemon [_thread_blocked, id=3344, stack(0x00007f698a4a0000,0x00007f698a5a0000)]
  0x00007f69a80ba000 JavaThread "Signal Dispatcher" daemon [_thread_blocked, id=3343, stack(0x00007f698a5a0000,0x00007f698a6a1000)]
  0x00007f69a8086000 JavaThread "Finalizer" daemon [_thread_blocked, id=3342, stack(0x00007f698b1f2000,0x00007f698b2f3000)]
  0x00007f69a8081800 JavaThread "Reference Handler" daemon [_thread_blocked, id=3341, stack(0x00007f698b2f3000,0x00007f698b3f4000)]

Other Threads:
=>0x00007f69a807a000 VMThread [stack: 0x00007f698b3f5000,0x00007f698b4f5000] [id=3340]
  0x00007f69a80c6000 WatcherThread [stack: 0x00007f698a09c000,0x00007f698a19c000] [id=3348]

VM state:at safepoint (normal execution)

VM Mutex/Monitor currently owned by a thread:  ([mutex/lock_event])
[0x00007f69a8008540] ExpandHeap_lock - owner thread: 0x00007f69a807a000
[0x00007f69a8008bc0] Threads_lock - owner thread: 0x00007f69a807a000
[0x00007f69a80090c0] Heap_lock - owner thread: 0x00007f6954003800

Heap:
 PSYoungGen      total 349696K, used 76029K [0x00000000e0000000, 0x0000000100000000, 0x0000000100000000)
  eden space 175104K, 0% used [0x00000000e0000000,0x00000000e0000000,0x00000000eab00000)
  from space 174592K, 43% used [0x00000000f5580000,0x00000000f9fbf4c0,0x0000000100000000)
  to   space 174592K, 0% used [0x00000000eab00000,0x00000000eab00000,0x00000000f5580000)
 ParOldGen       total 479744K, used 479702K [0x00000000a0000000, 0x00000000bd480000, 0x00000000e0000000)
  object space 479744K, 99% used [0x00000000a0000000,0x00000000bd475878,0x00000000bd480000)
 Metaspace       used 166556K, capacity 174060K, committed 174464K, reserved 1200128K
  class space    used 21013K, capacity 22737K, committed 22912K, reserved 1048576K

Card table byte_map: [0x00007f6998724000,0x00007f6998a25000] byte_map_base: 0x00007f6998224000

Marking Bits: (ParMarkBitMap*) 0x00007f69ae354160
 Begin Bits: [0x00007f6991000000, 0x00007f6992800000)
 End Bits:   [0x00007f6992800000, 0x00007f6994000000)

Polling page: 0x00007f69aefc3000

CodeCache: size=245760Kb used=62697Kb max_used=62697Kb free=183062Kb
 bounds [0x00007f6998de5000, 0x00007f699cb75000, 0x00007f69a7de5000]
 total_blobs=19049 nmethods=18482 adapters=477
 compilation: enabled

Compilation events (10 events):
Event: 13271,293 Thread 0x00007f69a80c0000 24149       1       com.google.common.collect.ImmutableEntry::getValue (5 bytes)
Event: 13271,293 Thread 0x00007f69a80c0000 nmethod 24149 0x00007f699cb72c10 code [0x00007f699cb72d60, 0x00007f699cb72e70]
Event: 13271,297 Thread 0x00007f69a80c0000 24152       3       com.google.googlejavaformat.java.JavaInput$Token::getTok (5 bytes)
Event: 13271,297 Thread 0x00007f69a80c0000 nmethod 24152 0x00007f699cb72ed0 code [0x00007f699cb73040, 0x00007f699cb73230]
Event: 13271,298 Thread 0x00007f69a80c0000 24153       3       com.google.common.collect.Cut$BelowValue::compareTo (9 bytes)
Event: 13271,298 Thread 0x00007f69a80c0000 nmethod 24153 0x00007f699cb732d0 code [0x00007f699cb73440, 0x00007f699cb736a8]
Event: 13271,298 Thread 0x00007f69a80c0000 24155       3       com.google.common.collect.Cut$BelowValue::isLessThan (17 bytes)
Event: 13271,298 Thread 0x00007f69a80c0000 nmethod 24155 0x00007f699cb73750 code [0x00007f699cb738c0, 0x00007f699cb73b88]
Event: 13271,298 Thread 0x00007f69a80c0000 24154       1       com.google.googlejavaformat.java.JavaInput$Tok::kind (5 bytes)
Event: 13271,298 Thread 0x00007f69a80c0000 nmethod 24154 0x00007f699cb73c90 code [0x00007f699cb73de0, 0x00007f699cb73ef0]

GC Heap History (10 events):
Event: 12878,562 GC heap after
Heap after GC invocations=47 (full 9):
 PSYoungGen      total 349696K, used 125299K [0x00000000e0000000, 0x0000000100000000, 0x0000000100000000)
  eden space 175104K, 0% used [0x00000000e0000000,0x00000000e0000000,0x00000000eab00000)
  from space 174592K, 71% used [0x00000000f5580000,0x00000000fcfdcc78,0x0000000100000000)
  to   space 174592K, 0% used [0x00000000eab00000,0x00000000eab00000,0x00000000f5580000)
 ParOldGen       total 472576K, used 285945K [0x00000000a0000000, 0x00000000bcd80000, 0x00000000e0000000)
  object space 472576K, 60% used [0x00000000a0000000,0x00000000b173e5b8,0x00000000bcd80000)
 Metaspace       used 138974K, capacity 144866K, committed 145280K, reserved 1175552K
  class space    used 17210K, capacity 18586K, committed 18816K, reserved 1048576K
}
Event: 12879,472 GC heap before
{Heap before GC invocations=48 (full 9):
 PSYoungGen      total 349696K, used 300403K [0x00000000e0000000, 0x0000000100000000, 0x0000000100000000)
  eden space 175104K, 100% used [0x00000000e0000000,0x00000000eab00000,0x00000000eab00000)
  from space 174592K, 71% used [0x00000000f5580000,0x00000000fcfdcc78,0x0000000100000000)
  to   space 174592K, 0% used [0x00000000eab00000,0x00000000eab00000,0x00000000f5580000)
 ParOldGen       total 472576K, used 285945K [0x00000000a0000000, 0x00000000bcd80000, 0x00000000e0000000)
  object space 472576K, 60% used [0x00000000a0000000,0x00000000b173e5b8,0x00000000bcd80000)
 Metaspace       used 149164K, capacity 155662K, committed 156032K, reserved 1185792K
  class space    used 18652K, capacity 20130K, committed 20352K, reserved 1048576K
Event: 12879,598 GC heap after
Heap after GC invocations=48 (full 9):
 PSYoungGen      total 349696K, used 174586K [0x00000000e0000000, 0x0000000100000000, 0x0000000100000000)
  eden space 175104K, 0% used [0x00000000e0000000,0x00000000e0000000,0x00000000eab00000)
  from space 174592K, 99% used [0x00000000eab00000,0x00000000f557eb20,0x00000000f5580000)
  to   space 174592K, 0% used [0x00000000f5580000,0x00000000f5580000,0x0000000100000000)
 ParOldGen       total 472576K, used 304238K [0x00000000a0000000, 0x00000000bcd80000, 0x00000000e0000000)
  object space 472576K, 64% used [0x00000000a0000000,0x00000000b291b9a8,0x00000000bcd80000)
 Metaspace       used 149164K, capacity 155662K, committed 156032K, reserved 1185792K
  class space    used 18652K, capacity 20130K, committed 20352K, reserved 1048576K
}
Event: 13001,220 GC heap before
{Heap before GC invocations=49 (full 9):
 PSYoungGen      total 349696K, used 349690K [0x00000000e0000000, 0x0000000100000000, 0x0000000100000000)
  eden space 175104K, 100% used [0x00000000e0000000,0x00000000eab00000,0x00000000eab00000)
  from space 174592K, 99% used [0x00000000eab00000,0x00000000f557eb20,0x00000000f5580000)
  to   space 174592K, 0% used [0x00000000f5580000,0x00000000f5580000,0x0000000100000000)
 ParOldGen       total 472576K, used 304238K [0x00000000a0000000, 0x00000000bcd80000, 0x00000000e0000000)
  object space 472576K, 64% used [0x00000000a0000000,0x00000000b291b9a8,0x00000000bcd80000)
 Metaspace       used 159389K, capacity 166410K, committed 166784K, reserved 1193984K
  class space    used 20081K, capacity 21700K, committed 21888K, reserved 1048576K
Event: 13001,337 GC heap after
Heap after GC invocations=49 (full 9):
 PSYoungGen      total 349696K, used 169754K [0x00000000e0000000, 0x0000000100000000, 0x0000000100000000)
  eden space 175104K, 0% used [0x00000000e0000000,0x00000000e0000000,0x00000000eab00000)
  from space 174592K, 97% used [0x00000000f5580000,0x00000000ffb46ad0,0x0000000100000000)
  to   space 174592K, 0% used [0x00000000eab00000,0x00000000eab00000,0x00000000f5580000)
 ParOldGen       total 472576K, used 347729K [0x00000000a0000000, 0x00000000bcd80000, 0x00000000e0000000)
  object space 472576K, 73% used [0x00000000a0000000,0x00000000b53947b8,0x00000000bcd80000)
 Metaspace       used 159389K, capacity 166410K, committed 166784K, reserved 1193984K
  class space    used 20081K, capacity 21700K, committed 21888K, reserved 1048576K
}
Event: 13270,160 GC heap before
{Heap before GC invocations=50 (full 9):
 PSYoungGen      total 349696K, used 344858K [0x00000000e0000000, 0x0000000100000000, 0x0000000100000000)
  eden space 175104K, 100% used [0x00000000e0000000,0x00000000eab00000,0x00000000eab00000)
  from space 174592K, 97% used [0x00000000f5580000,0x00000000ffb46ad0,0x0000000100000000)
  to   space 174592K, 0% used [0x00000000eab00000,0x00000000eab00000,0x00000000f5580000)
 ParOldGen       total 472576K, used 347729K [0x00000000a0000000, 0x00000000bcd80000, 0x00000000e0000000)
  object space 472576K, 73% used [0x00000000a0000000,0x00000000b53947b8,0x00000000bcd80000)
 Metaspace       used 160830K, capacity 168046K, committed 168320K, reserved 1196032K
  class space    used 20250K, capacity 21926K, committed 22144K, reserved 1048576K
Event: 13270,301 GC heap after
Heap after GC invocations=50 (full 9):
 PSYoungGen      total 349696K, used 174577K [0x00000000e0000000, 0x0000000100000000, 0x0000000100000000)
  eden space 175104K, 0% used [0x00000000e0000000,0x00000000e0000000,0x00000000eab00000)
  from space 174592K, 99% used [0x00000000eab00000,0x00000000f557c438,0x00000000f5580000)
  to   space 174592K, 0% used [0x00000000f5580000,0x00000000f5580000,0x0000000100000000)
 ParOldGen       total 472576K, used 393836K [0x00000000a0000000, 0x00000000bcd80000, 0x00000000e0000000)
  object space 472576K, 83% used [0x00000000a0000000,0x00000000b809b260,0x00000000bcd80000)
 Metaspace       used 160830K, capacity 168046K, committed 168320K, reserved 1196032K
  class space    used 20250K, capacity 21926K, committed 22144K, reserved 1048576K
}
Event: 13271,301 GC heap before
{Heap before GC invocations=51 (full 9):
 PSYoungGen      total 349696K, used 349681K [0x00000000e0000000, 0x0000000100000000, 0x0000000100000000)
  eden space 175104K, 100% used [0x00000000e0000000,0x00000000eab00000,0x00000000eab00000)
  from space 174592K, 99% used [0x00000000eab00000,0x00000000f557c438,0x00000000f5580000)
  to   space 174592K, 0% used [0x00000000f5580000,0x00000000f5580000,0x0000000100000000)
 ParOldGen       total 472576K, used 393836K [0x00000000a0000000, 0x00000000bcd80000, 0x00000000e0000000)
  object space 472576K, 83% used [0x00000000a0000000,0x00000000b809b260,0x00000000bcd80000)
 Metaspace       used 166556K, capacity 174060K, committed 174464K, reserved 1200128K
  class space    used 21013K, capacity 22737K, committed 22912K, reserved 1048576K
Event: 13271,429 GC heap after
Heap after GC invocations=51 (full 9):
 PSYoungGen      total 349696K, used 105642K [0x00000000e0000000, 0x0000000100000000, 0x0000000100000000)
  eden space 175104K, 0% used [0x00000000e0000000,0x00000000e0000000,0x00000000eab00000)
  from space 174592K, 60% used [0x00000000f5580000,0x00000000fbcaaa58,0x0000000100000000)
  to   space 174592K, 0% used [0x00000000eab00000,0x00000000eab00000,0x00000000f5580000)
 ParOldGen       total 479744K, used 478974K [0x00000000a0000000, 0x00000000bd480000, 0x00000000e0000000)
  object space 479744K, 99% used [0x00000000a0000000,0x00000000bd3bf8f0,0x00000000bd480000)
 Metaspace       used 166556K, capacity 174060K, committed 174464K, reserved 1200128K
  class space    used 21013K, capacity 22737K, committed 22912K, reserved 1048576K
}
Event: 13271,429 GC heap before
{Heap before GC invocations=52 (full 10):
 PSYoungGen      total 349696K, used 105642K [0x00000000e0000000, 0x0000000100000000, 0x0000000100000000)
  eden space 175104K, 0% used [0x00000000e0000000,0x00000000e0000000,0x00000000eab00000)
  from space 174592K, 60% used [0x00000000f5580000,0x00000000fbcaaa58,0x0000000100000000)
  to   space 174592K, 0% used [0x00000000eab00000,0x00000000eab00000,0x00000000f5580000)
 ParOldGen       total 479744K, used 478974K [0x00000000a0000000, 0x00000000bd480000, 0x00000000e0000000)
  object space 479744K, 99% used [0x00000000a0000000,0x00000000bd3bf8f0,0x00000000bd480000)
 Metaspace       used 166556K, capacity 174060K, committed 174464K, reserved 1200128K
  class space    used 21013K, capacity 22737K, committed 22912K, reserved 1048576K

Deoptimization events (10 events):
Event: 13001,405 Thread 0x00007f6954007000 Uncommon trap: reason=speculate_class_check action=maybe_recompile pc=0x00007f699ca7d0e4 method=com.google.common.collect.Cut.compareTo(Lcom/google/common/collect/Cut;)I @ 41
Event: 13001,405 Thread 0x00007f6954007000 Uncommon trap: reason=speculate_class_check action=maybe_recompile pc=0x00007f699ca7d0e4 method=com.google.common.collect.Cut.compareTo(Lcom/google/common/collect/Cut;)I @ 41
Event: 13001,405 Thread 0x00007f6954007000 Uncommon trap: reason=speculate_class_check action=maybe_recompile pc=0x00007f699ca7d0e4 method=com.google.common.collect.Cut.compareTo(Lcom/google/common/collect/Cut;)I @ 41
Event: 13001,405 Thread 0x00007f6954007000 Uncommon trap: reason=speculate_class_check action=maybe_recompile pc=0x00007f699ca7d0e4 method=com.google.common.collect.Cut.compareTo(Lcom/google/common/collect/Cut;)I @ 41
Event: 13001,411 Thread 0x00007f6954007000 Uncommon trap: reason=speculate_class_check action=maybe_recompile pc=0x00007f699ca8ad7c method=com.google.common.collect.Range.<init>(Lcom/google/common/collect/Cut;Lcom/google/common/collect/Cut;)V @ 28
Event: 13001,524 Thread 0x00007f6954007000 Uncommon trap: reason=unstable_if action=reinterpret pc=0x00007f699c94791c method=com.sun.tools.javac.code.Types$13.visitClassType(Lcom/sun/tools/javac/code/Type$ClassType;Lcom/sun/tools/javac/code/Symbol;)Lcom/sun/tools/javac/code/Type; @ 52
Event: 13001,524 Thread 0x00007f6954007000 Uncommon trap: reason=unstable_if action=reinterpret pc=0x00007f699c94791c method=com.sun.tools.javac.code.Types$13.visitClassType(Lcom/sun/tools/javac/code/Type$ClassType;Lcom/sun/tools/javac/code/Symbol;)Lcom/sun/tools/javac/code/Type; @ 52
Event: 13269,851 Thread 0x00007f695400e800 Uncommon trap: reason=unstable_if action=reinterpret pc=0x00007f6999876bf0 method=java.util.HashMap.putVal(ILjava/lang/Object;Ljava/lang/Object;ZZ)Ljava/lang/Object; @ 162
Event: 13269,973 Thread 0x00007f695400e800 Uncommon trap: reason=bimorphic action=maybe_recompile pc=0x00007f69997f1104 method=org.jetbrains.kotlin.com.intellij.lang.impl.PsiBuilderAdapter.advanceLexer()V @ 4
Event: 13270,060 Thread 0x00007f695400e800 Uncommon trap: reason=class_check action=maybe_recompile pc=0x00007f699b5fde80 method=org.jetbrains.kotlin.load.kotlin.TypeSignatureMappingKt.computeInternalName(Lorg/jetbrains/kotlin/descriptors/ClassDescriptor;Lorg/jetbrains/kotlin/load/kotlin/TypeMappi

Classes redefined (0 events):
No events

Internal exceptions (10 events):
Event: 13270,673 Thread 0x00007f695400e800 Exception <a 'sun/nio/fs/UnixException'> (0x00000000e350a618) thrown at [/usr/local/google/home/ralucas/source/AOSP-openjdk-git/jdk8u/hotspot/src/share/vm/prims/jni.cpp, line 709]
Event: 13270,673 Thread 0x00007f695400e800 Exception <a 'sun/nio/fs/UnixException'> (0x00000000e350f220) thrown at [/usr/local/google/home/ralucas/source/AOSP-openjdk-git/jdk8u/hotspot/src/share/vm/prims/jni.cpp, line 709]
Event: 13270,673 Thread 0x00007f695400e800 Exception <a 'java/io/FileNotFoundException'> (0x00000000e3510bb8) thrown at [/usr/local/google/home/ralucas/source/AOSP-openjdk-git/jdk8u/hotspot/src/share/vm/prims/jni.cpp, line 709]
Event: 13270,673 Thread 0x00007f695400e800 Exception <a 'java/io/FileNotFoundException'> (0x00000000e3512310) thrown at [/usr/local/google/home/ralucas/source/AOSP-openjdk-git/jdk8u/hotspot/src/share/vm/prims/jni.cpp, line 709]
Event: 13270,674 Thread 0x00007f695400e800 Exception <a 'java/io/FileNotFoundException'> (0x00000000e351ffa8) thrown at [/usr/local/google/home/ralucas/source/AOSP-openjdk-git/jdk8u/hotspot/src/share/vm/prims/jni.cpp, line 709]
Event: 13270,674 Thread 0x00007f695400e800 Exception <a 'sun/nio/fs/UnixException'> (0x00000000e3521520) thrown at [/usr/local/google/home/ralucas/source/AOSP-openjdk-git/jdk8u/hotspot/src/share/vm/prims/jni.cpp, line 709]
Event: 13270,674 Thread 0x00007f695400e800 Exception <a 'sun/nio/fs/UnixException'> (0x00000000e35260a8) thrown at [/usr/local/google/home/ralucas/source/AOSP-openjdk-git/jdk8u/hotspot/src/share/vm/prims/jni.cpp, line 709]
Event: 13270,674 Thread 0x00007f695400e800 Exception <a 'java/io/FileNotFoundException'> (0x00000000e3527a00) thrown at [/usr/local/google/home/ralucas/source/AOSP-openjdk-git/jdk8u/hotspot/src/share/vm/prims/jni.cpp, line 709]
Event: 13270,674 Thread 0x00007f695400e800 Exception <a 'java/io/FileNotFoundException'> (0x00000000e35290e0) thrown at [/usr/local/google/home/ralucas/source/AOSP-openjdk-git/jdk8u/hotspot/src/share/vm/prims/jni.cpp, line 709]
Event: 13270,736 Thread 0x00007f69240f7000 Exception <a 'java/lang/InterruptedException'> (0x00000000e37fbb30) thrown at [/usr/local/google/home/ralucas/source/AOSP-openjdk-git/jdk8u/hotspot/src/share/vm/runtime/objectMonitor.cpp, line 1684]

Events (10 events):
Event: 13271,298 loading class com/google/googlejavaformat/java/JavaCommentsHelper done
Event: 13271,299 loading class org/openjdk/tools/javac/file/Locations$SearchPath
Event: 13271,299 loading class org/openjdk/tools/javac/file/Locations$SearchPath done
Event: 13271,300 loading class org/openjdk/tools/javac/file/JavacFileManager$2
Event: 13271,300 loading class org/openjdk/tools/javac/file/JavacFileManager$2 done
Event: 13271,300 loading class org/openjdk/tools/javac/parser/ParserFactory
Event: 13271,300 loading class org/openjdk/tools/javac/parser/ParserFactory done
Event: 13271,300 loading class org/openjdk/tools/javac/tree/TreeMaker
Event: 13271,300 loading class org/openjdk/tools/javac/tree/TreeMaker done
Event: 13271,301 Executing VM operation: ParallelGCFailedAllocation


Dynamic libraries:
a0000000-bd480000 rw-p 00000000 00:00 0 
cb680000-e0000000 ---p 00000000 00:00 0 
e0000000-100000000 rw-p 00000000 00:00 0 
100000000-101660000 rw-p 00000000 00:00 0 
101660000-140000000 ---p 00000000 00:00 0 
563434d0e000-563434d0f000 r-xp 00000000 103:04 3408839                   /home/mihajlo/android-studio/jre/jre/bin/java
563434f0e000-563434f0f000 r--p 00000000 103:04 3408839                   /home/mihajlo/android-studio/jre/jre/bin/java
563434f0f000-563434f10000 rw-p 00001000 103:04 3408839                   /home/mihajlo/android-studio/jre/jre/bin/java
563436b85000-563436ba6000 rw-p 00000000 00:00 0                          [heap]
7f690c000000-7f690c42b000 rw-p 00000000 00:00 0 
7f690c42b000-7f6910000000 ---p 00000000 00:00 0 
7f6910400000-7f6910600000 rw-p 00000000 00:00 0 
7f6910600000-7f6910800000 rw-p 00000000 00:00 0 
7f6910800000-7f6910a00000 rw-p 00000000 00:00 0 
7f6910a00000-7f6910c00000 rw-p 00000000 00:00 0 
7f6910c00000-7f6910e00000 rw-p 00000000 00:00 0 
7f6910e00000-7f6911000000 rw-p 00000000 00:00 0 
7f6911000000-7f6911200000 rw-p 00000000 00:00 0 
7f6911200000-7f6911400000 rw-p 00000000 00:00 0 
7f6911400000-7f6911600000 rw-p 00000000 00:00 0 
7f6911600000-7f6911800000 rw-p 00000000 00:00 0 
7f6911800000-7f6911a00000 rw-p 00000000 00:00 0 
7f6911a00000-7f6911c00000 rw-p 00000000 00:00 0 
7f6911c00000-7f6911e00000 rw-p 00000000 00:00 0 
7f6911e00000-7f6912000000 rw-p 00000000 00:00 0 
7f6912000000-7f6912200000 rw-p 00000000 00:00 0 
7f6912200000-7f6912400000 rw-p 00000000 00:00 0 
7f6912400000-7f6912600000 rw-p 00000000 00:00 0 
7f6912600000-7f6912800000 rw-p 00000000 00:00 0 
7f6912800000-7f6912a00000 rw-p 00000000 00:00 0 
7f6912a00000-7f6912c00000 rw-p 00000000 00:00 0 
7f6912c00000-7f6912e00000 rw-p 00000000 00:00 0 
7f6912e00000-7f6913000000 rw-p 00000000 00:00 0 
7f6913000000-7f6913200000 rw-p 00000000 00:00 0 
7f6913200000-7f6913400000 rw-p 00000000 00:00 0 
7f6913400000-7f6913600000 rw-p 00000000 00:00 0 
7f6913600000-7f6913800000 rw-p 00000000 00:00 0 
7f6913800000-7f6913a00000 rw-p 00000000 00:00 0 
7f6913a00000-7f6913c00000 rw-p 00000000 00:00 0 
7f6913c00000-7f6913e00000 rw-p 00000000 00:00 0 
7f6913e00000-7f6914000000 rw-p 00000000 00:00 0 
7f6914000000-7f6914021000 rw-p 00000000 00:00 0 
7f6914021000-7f6918000000 ---p 00000000 00:00 0 
7f6918000000-7f6918769000 rw-p 00000000 00:00 0 
7f6918769000-7f691c000000 ---p 00000000 00:00 0 
7f691c000000-7f691c4ef000 rw-p 00000000 00:00 0 
7f691c4ef000-7f6920000000 ---p 00000000 00:00 0 
7f6920000000-7f692025e000 rw-p 00000000 00:00 0 
7f692025e000-7f6924000000 ---p 00000000 00:00 0 
7f6924000000-7f6924621000 rw-p 00000000 00:00 0 
7f6924621000-7f6928000000 ---p 00000000 00:00 0 
7f6928000000-7f6928139000 rw-p 00000000 00:00 0 
7f6928139000-7f692c000000 ---p 00000000 00:00 0 
7f692c000000-7f692c52d000 rw-p 00000000 00:00 0 
7f692c52d000-7f6930000000 ---p 00000000 00:00 0 
7f6930184000-7f6930384000 rw-p 00000000 00:00 0 
7f6930384000-7f6930584000 rw-p 00000000 00:00 0 
7f6930584000-7f6930784000 rw-p 00000000 00:00 0 
7f6930784000-7f6930796000 r--s 00345000 103:04 3408738                   /home/mihajlo/android-studio/jre/jre/lib/resources.jar
7f6930796000-7f6930996000 rw-p 00000000 00:00 0 
7f6930996000-7f6930b96000 rw-p 00000000 00:00 0 
7f6930b96000-7f6930d96000 rw-p 00000000 00:00 0 
7f6930d96000-7f6930f96000 rw-p 00000000 00:00 0 
7f6930f96000-7f6931196000 rw-p 00000000 00:00 0 
7f6931196000-7f6931396000 rw-p 00000000 00:00 0 
7f6931396000-7f6931596000 rw-p 00000000 00:00 0 
7f6931596000-7f6931796000 rw-p 00000000 00:00 0 
7f6931796000-7f69318b7000 r--s 02b7d000 103:04 2625138                   /home/mihajlo/Android/Sdk/platforms/android-28/android.jar
7f69318b7000-7f69318ba000 ---p 00000000 00:00 0 
7f69318ba000-7f69319b8000 rw-p 00000000 00:00 0 
7f69319b8000-7f69319bb000 ---p 00000000 00:00 0 
7f69319bb000-7f6931ab9000 rw-p 00000000 00:00 0 
7f6931ab9000-7f6931abc000 ---p 00000000 00:00 0 
7f6931abc000-7f6931dba000 rw-p 00000000 00:00 0 
7f6931dda000-7f6931ddd000 ---p 00000000 00:00 0 
7f6931ddd000-7f6931edb000 rw-p 00000000 00:00 0 
7f6931edb000-7f6931ede000 ---p 00000000 00:00 0 
7f6931ede000-7f6931fdc000 rw-p 00000000 00:00 0 
7f6931fdc000-7f6931fdf000 ---p 00000000 00:00 0 
7f6931fdf000-7f69320dd000 rw-p 00000000 00:00 0 
7f69320dd000-7f69320e0000 ---p 00000000 00:00 0 
7f69320e0000-7f69321de000 rw-p 00000000 00:00 0 
7f69321de000-7f69321e1000 ---p 00000000 00:00 0 
7f69321e1000-7f69324df000 rw-p 00000000 00:00 0 
7f69324df000-7f69326df000 rw-p 00000000 00:00 0 
7f69326e1000-7f69326e3000 r--s 00005000 103:04 2626542                   /home/mihajlo/.gradle/caches/modules-2/files-2.1/com.android.support/support-annotations/28.0.0/ed73f5337a002d1fd24339d5fb08c2c9d9ca60d8/support-annotations-28.0.0.jar
7f69326e3000-7f69326e4000 r--s 00001000 103:04 1315619                   /home/mihajlo/.gradle/caches/transforms-1/files-1.1/interpolator-28.0.0.aar/6575dfd20abbcd2dbef28a71ca92de10/jars/classes.jar
7f69326e4000-7f69326e5000 r--s 00003000 103:04 1315580                   /home/mihajlo/.gradle/caches/transforms-1/files-1.1/print-28.0.0.aar/84342a84f7eda47fbe6247f5aebf2b39/jars/classes.jar
7f69326e5000-7f69326e6000 r--s 00001000 103:04 1315584                   /home/mihajlo/.gradle/caches/transforms-1/files-1.1/localbroadcastmanager-28.0.0.aar/e41cb801720bc319c7b0d23ba72539df/jars/classes.jar
7f69326e6000-7f69326e7000 r--s 00002000 103:04 1315582                   /home/mihajlo/.gradle/caches/transforms-1/files-1.1/documentfile-28.0.0.aar/cf6d3a1e8103df1f81554a00e2a9cc01/jars/classes.jar
7f69326e7000-7f69326e8000 r--s 00001000 103:04 1315586                   /home/mihajlo/.gradle/caches/transforms-1/files-1.1/viewmodel-1.1.1.aar/153a07ab7fb72149abc9bf9ea8740779/jars/classes.jar
7f69326e8000-7f69326ea000 r--s 00004000 103:04 2626535                   /home/mihajlo/.gradle/caches/modules-2/files-2.1/android.arch.lifecycle/common/1.1.1/207a6efae6a3555e326de41f76bdadd9a239cbce/common-1.1.1.jar
7f69326ea000-7f69326eb000 r--s 00002000 103:04 2626536                   /home/mihajlo/.gradle/caches/modules-2/files-2.1/android.arch.core/common/1.1.1/e55b70d1f5620db124b3e85a7f4bdc7bd48d9f95/common-1.1.1.jar
7f69326eb000-7f69326ed000 r--s 00000000 103:04 1315601                   /home/mihajlo/.gradle/caches/transforms-1/files-1.1/runtime-1.1.1.aar/92a4656134f0cfe2454a44cab0a5aeb7/jars/classes.jar
7f69326ed000-7f69326ef000 r--s 00001000 103:04 1315602                   /home/mihajlo/.gradle/caches/transforms-1/files-1.1/livedata-core-1.1.1.aar/fdd683ce6b0215ed79165e5da2e35efb/jars/classes.jar
7f69326ef000-7f69326f0000 r--s 00002000 103:04 1315591                   /home/mihajlo/.gradle/caches/transforms-1/files-1.1/livedata-1.1.1.aar/215625f6c85393da0a0aaf010d9367f7/jars/classes.jar
7f69326f0000-7f69326f2000 r--s 00004000 103:04 1315737                   /home/mihajlo/.gradle/caches/transforms-1/files-1.1/cardview-v7-28.0.0.aar/bf9432416a8a800213eced212bc3bd4e/jars/classes.jar
7f69326f2000-7f69326f3000 r--s 00002000 103:04 1063921                   /home/mihajlo/.gradle/caches/transforms-1/files-1.1/cursoradapter-28.0.0.aar/0eaaa05cbb9112b366259a68db34dc41/jars/classes.jar
7f69326f3000-7f69326ff000 r--s 0008e000 103:04 1315356                   /home/mihajlo/.gradle/caches/transforms-1/files-1.1/support-compat-28.0.0.aar/efff6d3597f117e6ea22c129336aad8a/jars/classes.jar
7f69326ff000-7f6932702000 ---p 00000000 00:00 0 
7f6932702000-7f6932a00000 rw-p 00000000 00:00 0 
7f6932a00000-7f6932c00000 rw-p 00000000 00:00 0 
7f6932c00000-7f6932e00000 rw-p 00000000 00:00 0 
7f6932e00000-7f6933000000 rw-p 00000000 00:00 0 
7f6933000000-7f6933200000 rw-p 00000000 00:00 0 
7f6933200000-7f6933400000 rw-p 00000000 00:00 0 
7f6933400000-7f6933600000 rw-p 00000000 00:00 0 
7f6933600000-7f6933800000 rw-p 00000000 00:00 0 
7f6933800000-7f6933a00000 rw-p 00000000 00:00 0 
7f6933a00000-7f6933c00000 rw-p 00000000 00:00 0 
7f6933c00000-7f6933e00000 rw-p 00000000 00:00 0 
7f6933e00000-7f6934000000 rw-p 00000000 00:00 0 
7f6934000000-7f6935762000 rw-p 00000000 00:00 0 
7f6935762000-7f6938000000 ---p 00000000 00:00 0 
7f6938000000-7f693842e000 rw-p 00000000 00:00 0 
7f693842e000-7f693c000000 ---p 00000000 00:00 0 
7f693c000000-7f693c3e0000 rw-p 00000000 00:00 0 
7f693c3e0000-7f6940000000 ---p 00000000 00:00 0 
7f6940000000-7f6940021000 rw-p 00000000 00:00 0 
7f6940021000-7f6944000000 ---p 00000000 00:00 0 
7f6944000000-7f6944021000 rw-p 00000000 00:00 0 
7f6944021000-7f6948000000 ---p 00000000 00:00 0 
7f6948000000-7f6948021000 rw-p 00000000 00:00 0 
7f6948021000-7f694c000000 ---p 00000000 00:00 0 
7f694c000000-7f694c021000 rw-p 00000000 00:00 0 
7f694c021000-7f6950000000 ---p 00000000 00:00 0 
7f6950000000-7f69507c9000 rw-p 00000000 00:00 0 
7f69507c9000-7f6954000000 ---p 00000000 00:00 0 
7f6954000000-7f6954021000 rw-p 00000000 00:00 0 
7f6954021000-7f6958000000 ---p 00000000 00:00 0 
7f6958000000-7f6958002000 r--s 00009000 103:04 2626522                   /home/mihajlo/.gradle/caches/modules-2/files-2.1/com.android.support/collections/28.0.0/c1bcdade4d3cc2836130424a3f3e4182c666a745/collections-28.0.0.jar
7f6958002000-7f6958003000 r--s 00006000 103:04 543253                    /home/mihajlo/.gradle/caches/transforms-1/files-1.1/versionedparcelable-28.0.0.aar/0e6919976bdf3d7497f32b2262f4f3ba/jars/classes.jar
7f6958003000-7f6958004000 r--s 00002000 103:04 1184137                   /home/mihajlo/.gradle/caches/transforms-1/files-1.1/runtime-1.1.1.aar/3e0f282550c1a4dc48439c98a901f9a7/jars/classes.jar
7f6958004000-7f6958005000 r--s 00001000 103:04 1315347                   /home/mihajlo/.gradle/caches/transforms-1/files-1.1/asynclayoutinflater-28.0.0.aar/933dd1646e307a8c817ede45ccdf76da/jars/classes.jar
7f6958005000-7f6958007000 r--s 00007000 103:04 1063919                   /home/mihajlo/.gradle/caches/transforms-1/files-1.1/swiperefreshlayout-28.0.0.aar/d5f5fb2c0c4dfa4636b01fa359b440c2/jars/classes.jar
7f6958007000-7f6958009000 r--s 00007000 103:04 1315280                   /home/mihajlo/.gradle/caches/transforms-1/files-1.1/customview-28.0.0.aar/b1b1af92c722a444f9ca937d95345e8a/jars/classes.jar
7f6958009000-7f695800a000 r--s 00005000 103:04 1315258                   /home/mihajlo/.gradle/caches/transforms-1/files-1.1/slidingpanelayout-28.0.0.aar/39ce134b0c7f3bd99cbba7cd20da7f84/jars/classes.jar
7f695800a000-7f695800b000 r--s 00007000 103:04 1184129                   /home/mihajlo/.gradle/caches/transforms-1/files-1.1/drawerlayout-28.0.0.aar/f3f00bda8d2ed058a4d1e6ea586b5374/jars/classes.jar
7f695800b000-7f695800d000 r--s 00009000 103:04 942523                    /home/mihajlo/.gradle/caches/transforms-1/files-1.1/coordinatorlayout-28.0.0.aar/71dbe96a030548ce8380597b80ec73cb/jars/classes.jar
7f695800d000-7f695800f000 r--s 0000c000 103:04 1311900                   /home/mihajlo/.gradle/caches/transforms-1/files-1.1/viewpager-28.0.0.aar/365e3d4d1a2ff79f0ce1036f6a8f1bd7/jars/classes.jar
7f695800f000-7f6958011000 r--s 00007000 103:04 543232                    /home/mihajlo/.gradle/caches/transforms-1/files-1.1/loader-28.0.0.aar/a39dad110023592204206fdfb2cf8737/jars/classes.jar
7f6958011000-7f695801a000 r--s 00051000 103:04 1315830                   /home/mihajlo/.gradle/caches/transforms-1/files-1.1/support-media-compat-28.0.0.aar/9fba67f7c1e910c3e3dca9591c18e544/jars/classes.jar
7f695801a000-7f695801e000 r--s 00029000 103:04 1064028                   /home/mihajlo/.gradle/caches/transforms-1/files-1.1/transition-28.0.0.aar/fe59258b78abade83d9ddee4175f34f9/jars/classes.jar
7f695801e000-7f6958020000 r--s 00007000 103:04 536888                    /home/mihajlo/.gradle/caches/transforms-1/files-1.1/support-vector-drawable-28.0.0.aar/ff998965c08e643c5c2e67f498ae8ba6/jars/classes.jar
7f6958020000-7f6958021000 r--s 00000000 103:04 536817                    /home/mihajlo/.gradle/caches/transforms-1/files-1.1/support-core-utils-28.0.0.aar/12282cb820f0880831b4d423e07d1de5/jars/classes.jar
7f6958021000-7f6958022000 r--s 00002000 103:04 536788                    /home/mihajlo/.gradle/caches/transforms-1/files-1.1/support-core-ui-28.0.0.aar/15a61ecd53fbeffc28f31012304ff23f/jars/classes.jar
7f6958022000-7f6958024000 r--s 00007000 103:04 536899                    /home/mihajlo/.gradle/caches/transforms-1/files-1.1/animated-vector-drawable-28.0.0.aar/daefc4b801b5613071c890994a7bd7a3/jars/classes.jar
7f6958024000-7f6958027000 r--s 00026000 103:04 536756                    /home/mihajlo/.gradle/caches/transforms-1/files-1.1/support-fragment-28.0.0.aar/c503c6cd8dacd3c98ab3f6b7142d8642/jars/classes.jar
7f6958027000-7f6958028000 r--s 00000000 103:04 1064030                   /home/mihajlo/.gradle/caches/transforms-1/files-1.1/support-v4-28.0.0.aar/340a0cb105a1975dbac8b811e1758f69/jars/classes.jar
7f6958028000-7f695805a000 r--s 00206000 103:04 2642984                   /home/mihajlo/.gradle/caches/modules-2/files-2.1/io.reactivex.rxjava2/rxjava/2.2.3/f829e7c489f5b3586bca2199c9017a6d6e1e01be/rxjava-2.2.3.jar
7f695805a000-7f695805d000 r--s 00014000 103:04 2626512                   /home/mihajlo/.gradle/caches/modules-2/files-2.1/com.squareup.retrofit2/retrofit/2.4.0/fc4aa382632bfaa7be7b41579efba41d5a71ecf3/retrofit-2.4.0.jar
7f695805d000-7f6958063000 r--s 00057000 103:04 1315726                   /home/mihajlo/.gradle/caches/transforms-1/files-1.1/recyclerview-v7-28.0.0.aar/1f79538fda9a79877a92b836eddd8ad3/jars/classes.jar
7f6958063000-7f695806e000 r--s 000a6000 103:04 536511                    /home/mihajlo/.gradle/caches/transforms-1/files-1.1/appcompat-v7-28.0.0.aar/200224fa08247283cc825f9d808953e8/jars/classes.jar
7f695806e000-7f6958077000 r--s 00076000 103:04 1184155                   /home/mihajlo/.gradle/caches/transforms-1/files-1.1/design-28.0.0.aar/985c0a489e60e172498b78a3a4387b1c/jars/classes.jar
7f6958077000-7f69580a2000 r--s 0028a000 103:04 2626846                   /home/mihajlo/.gradle/caches/modules-2/files-2.1/com.google.errorprone/javac-shaded/9-dev-r4023-3/72b688efd290280a0afde5f9892b0fde6f362d1d/javac-shaded-9-dev-r4023-3.jar
7f69580a2000-7f69580d4000 r--s 0026c000 103:04 2641889                   /home/mihajlo/.gradle/caches/modules-2/files-2.1/com.google.guava/guava/26.0-jre/6a806eff209f36f635f943e16d97491f00f6bfab/guava-26.0-jre.jar
7f69580d4000-7f69582d4000 rw-p 00000000 00:00 0 
7f69582d4000-7f69584d4000 rw-p 00000000 00:00 0 
7f69584d4000-7f69586d4000 rw-p 00000000 00:00 0 
7f69586d4000-7f69588d4000 rw-p 00000000 00:00 0 
7f69588d4000-7f6958ad4000 rw-p 00000000 00:00 0 
7f6958ad4000-7f6958ade000 r--s 00026000 103:04 2641893                   /home/mihajlo/.gradle/caches/modules-2/files-2.1/org.checkerframework/checker-qual/2.5.2/cea74543d5904a30861a61b4643a5f2bb372efc4/checker-qual-2.5.2.jar
7f6958ade000-7f6958cde000 rw-p 00000000 00:00 0 
7f6958cde000-7f6958cdf000 r--s 00002000 103:04 3422828                   /home/mihajlo/.gradle/caches/transforms-1/files-1.1/rxandroid-2.1.0.aar/4202d5e2e754c14a700ea5e2413e3091/jars/classes.jar
7f6958cdf000-7f6958ce0000 r--s 00001000 103:04 2642981                   /home/mihajlo/.gradle/caches/modules-2/files-2.1/com.squareup.retrofit2/converter-gson/2.4.0/15d7790ee311d961379c51b00aba12d5967cb7ea/converter-gson-2.4.0.jar
7f6958ce0000-7f6958ce2000 r--s 00004000 103:04 1184578                   /home/mihajlo/.gradle/caches/transforms-1/files-1.1/extensions-1.1.1.aar/a1ab5449a7577f407736310e54688731/jars/classes.jar
7f6958ce2000-7f6958ce4000 r--s 0000e000 103:04 1315611                   /home/mihajlo/.gradle/caches/transforms-1/files-1.1/constraint-layout-1.1.3.aar/2b8bf642d0c8b1cf363625d414aa68e3/jars/classes.jar
7f6958ce4000-7f6958ce7000 r--s 0000e000 103:04 1184213                   /home/mihajlo/.gradle/caches/transforms-1/files-1.1/library-3.3.0.aar/8657eab24959a2df47be6931e19f1c01/jars/classes.jar
7f6958ce7000-7f6958cfe000 r--s 00154000 103:04 2626201                   /home/mihajlo/.gradle/caches/modules-2/files-2.1/org.antlr/antlr4/4.5.3/f35db7e4b2446e4174ba6a73db7bd6b3e6bb5da1/antlr4-4.5.3.jar
7f6958cfe000-7f6958d01000 ---p 00000000 00:00 0 
7f6958d01000-7f6958fff000 rw-p 00000000 00:00 0 
7f6958fff000-7f695c000000 rw-p 00000000 00:00 0 
7f695c000000-7f695c021000 rw-p 00000000 00:00 0 
7f695c021000-7f6960000000 ---p 00000000 00:00 0 
7f6960000000-7f6960021000 rw-p 00000000 00:00 0 
7f6960021000-7f6964000000 ---p 00000000 00:00 0 
7f6964000000-7f6966648000 rw-p 00000000 00:00 0 
7f6966648000-7f6968000000 ---p 00000000 00:00 0 
7f6968000000-7f6969270000 rw-p 00000000 00:00 0 
7f6969270000-7f696c000000 ---p 00000000 00:00 0 
7f696c000000-7f696c021000 rw-p 00000000 00:00 0 
7f696c021000-7f6970000000 ---p 00000000 00:00 0 
7f6970000000-7f69729a5000 rw-p 00000000 00:00 0 
7f69729a5000-7f6974000000 ---p 00000000 00:00 0 
7f6974000000-7f6974021000 rw-p 00000000 00:00 0 
7f6974021000-7f6978000000 ---p 00000000 00:00 0 
7f6978000000-7f6978021000 rw-p 00000000 00:00 0 
7f6978021000-7f697c000000 ---p 00000000 00:00 0 
7f697c000000-7f697c024000 rw-p 00000000 00:00 0 
7f697c024000-7f6980000000 ---p 00000000 00:00 0 
7f6980000000-7f698030c000 rw-p 00000000 00:00 0 
7f698030c000-7f6984000000 ---p 00000000 00:00 0 
7f6984000000-7f6984021000 rw-p 00000000 00:00 0 
7f6984021000-7f6988000000 ---p 00000000 00:00 0 
7f6988000000-7f6988001000 r--s 00003000 103:04 2642980                   /home/mihajlo/.gradle/caches/modules-2/files-2.1/com.squareup.retrofit2/adapter-rxjava2/2.4.0/9286ea8ac29dc3822cca03291259db825e118506/adapter-rxjava2-2.4.0.jar
7f6988001000-7f6988004000 r--s 00011000 103:04 1184202                   /home/mihajlo/.gradle/caches/transforms-1/files-1.1/adapters-3.3.0.aar/73db62e304f7841b497333d5725a5ddd/jars/classes.jar
7f6988004000-7f6988005000 r--s 00001000 103:04 2641888                   /home/mihajlo/.gradle/caches/modules-2/files-2.1/com.android.tools/annotations/26.3.0/850899c26903b514387f9f437398bc4095a91877/annotations-26.3.0.jar
7f6988005000-7f698800a000 r--s 00034000 103:04 2626194                   /home/mihajlo/.gradle/caches/modules-2/files-2.1/com.google.code.gson/gson/2.8.0/c4ba5371a29ac9b2ad6129b1d39ea38750043eff/gson-2.8.0.jar
7f698800a000-7f698800d000 r--s 0001c000 103:04 2641881                   /home/mihajlo/.gradle/caches/modules-2/files-2.1/com.android.tools.build.jetifier/jetifier-core/1.0.0-beta02/fa93fdb83bdfd51e80e09a808fb2515a7134d406/jetifier-core-1.0.0-beta02.jar
7f698800d000-7f698800e000 r--s 00003000 103:04 2641890                   /home/mihajlo/.gradle/caches/modules-2/files-2.1/com.android.databinding/baseLibrary/3.3.0/155f0f7d0e66a992de6a8d73b7cbf71ed22ace60/baseLibrary-3.3.0.jar
7f698800e000-7f6988010000 r--s 00001000 103:04 2626228                   /home/mihajlo/.gradle/caches/modules-2/files-2.1/com.google.j2objc/j2objc-annotations/1.1/976d8d30bebc251db406f2bdb3eb01962b5685b3/j2objc-annotations-1.1.jar
7f6988010000-7f6988013000 ---p 00000000 00:00 0 
7f6988013000-7f6988311000 rw-p 00000000 00:00 0 
7f6988311000-7f6988511000 rw-p 00000000 00:00 0 
7f6988511000-7f6988711000 rw-p 00000000 00:00 0 
7f6988711000-7f6988911000 rw-p 00000000 00:00 0 
7f6988911000-7f6988b11000 rw-p 00000000 00:00 0 
7f6988b11000-7f6988d11000 rw-p 00000000 00:00 0 
7f6988d11000-7f6988d14000 ---p 00000000 00:00 0 
7f6988d14000-7f6988e12000 rw-p 00000000 00:00 0 
7f6988e12000-7f6988e15000 ---p 00000000 00:00 0 
7f6988e15000-7f6988f13000 rw-p 00000000 00:00 0 
7f6988f13000-7f6988f16000 ---p 00000000 00:00 0 
7f6988f16000-7f6989214000 rw-p 00000000 00:00 0 
7f6989214000-7f6989217000 ---p 00000000 00:00 0 
7f6989217000-7f6989315000 rw-p 00000000 00:00 0 
7f6989315000-7f6989318000 ---p 00000000 00:00 0 
7f6989318000-7f6989416000 rw-p 00000000 00:00 0 
7f6989416000-7f6989419000 ---p 00000000 00:00 0 
7f6989419000-7f6989517000 rw-p 00000000 00:00 0 
7f6989517000-7f698951a000 ---p 00000000 00:00 0 
7f698951a000-7f6989618000 rw-p 00000000 00:00 0 
7f6989618000-7f698961b000 ---p 00000000 00:00 0 
7f698961b000-7f6989719000 rw-p 00000000 00:00 0 
7f6989719000-7f698971c000 ---p 00000000 00:00 0 
7f698971c000-7f698981a000 rw-p 00000000 00:00 0 
7f698981a000-7f6989893000 r--s 010fd000 103:04 3408857                   /home/mihajlo/android-studio/jre/lib/tools.jar
7f6989893000-7f69898a9000 r-xp 00000000 103:04 3408792                   /home/mihajlo/android-studio/jre/jre/lib/amd64/libnet.so
7f69898a9000-7f6989aa8000 ---p 00016000 103:04 3408792                   /home/mihajlo/android-studio/jre/jre/lib/amd64/libnet.so
7f6989aa8000-7f6989aa9000 r--p 00015000 103:04 3408792                   /home/mihajlo/android-studio/jre/jre/lib/amd64/libnet.so
7f6989aa9000-7f6989aaa000 rw-p 00016000 103:04 3408792                   /home/mihajlo/android-studio/jre/jre/lib/amd64/libnet.so
7f6989aaa000-7f6989abb000 r-xp 00000000 103:04 3408783                   /home/mihajlo/android-studio/jre/jre/lib/amd64/libnio.so
7f6989abb000-7f6989cba000 ---p 00011000 103:04 3408783                   /home/mihajlo/android-studio/jre/jre/lib/amd64/libnio.so
7f6989cba000-7f6989cbb000 r--p 00010000 103:04 3408783                   /home/mihajlo/android-studio/jre/jre/lib/amd64/libnio.so
7f6989cbb000-7f6989cbc000 rw-p 00011000 103:04 3408783                   /home/mihajlo/android-studio/jre/jre/lib/amd64/libnio.so
7f6989cbc000-7f6989cc5000 r-xp 00000000 103:04 3408759                   /home/mihajlo/android-studio/jre/jre/lib/amd64/libmanagement.so
7f6989cc5000-7f6989ec4000 ---p 00009000 103:04 3408759                   /home/mihajlo/android-studio/jre/jre/lib/amd64/libmanagement.so
7f6989ec4000-7f6989ec5000 r--p 00008000 103:04 3408759                   /home/mihajlo/android-studio/jre/jre/lib/amd64/libmanagement.so
7f6989ec5000-7f6989ec6000 rw-p 00009000 103:04 3408759                   /home/mihajlo/android-studio/jre/jre/lib/amd64/libmanagement.so
7f6989ec6000-7f698a09b000 r--s 01a6d000 103:04 2621630                   /home/mihajlo/.gradle/caches/modules-2/files-2.1/org.jetbrains.kotlin/kotlin-compiler-embeddable/1.3.11/a8db6c14f8b8ed74aa11b8379f961587b639c571/kotlin-compiler-embeddable-1.3.11.jar
7f698a09b000-7f698a09c000 ---p 00000000 00:00 0 
7f698a09c000-7f698a19c000 rw-p 00000000 00:00 0 
7f698a19c000-7f698a19f000 ---p 00000000 00:00 0 
7f698a19f000-7f698a29d000 rw-p 00000000 00:00 0 
7f698a29d000-7f698a29e000 ---p 00000000 00:00 0 
7f698a29e000-7f698a2a1000 ---p 00000000 00:00 0 
7f698a2a1000-7f698a39e000 rw-p 00000000 00:00 0 
7f698a39e000-7f698a39f000 ---p 00000000 00:00 0 
7f698a39f000-7f698a3a2000 ---p 00000000 00:00 0 
7f698a3a2000-7f698a49f000 rw-p 00000000 00:00 0 
7f698a49f000-7f698a4a0000 ---p 00000000 00:00 0 
7f698a4a0000-7f698a4a3000 ---p 00000000 00:00 0 
7f698a4a3000-7f698a5a0000 rw-p 00000000 00:00 0 
7f698a5a0000-7f698a5a3000 ---p 00000000 00:00 0 
7f698a5a3000-7f698a6a1000 rw-p 00000000 00:00 0 
7f698a6a1000-7f698b1f2000 r--p 00000000 103:04 531140                    /usr/lib/locale/locale-archive
7f698b1f2000-7f698b1f5000 ---p 00000000 00:00 0 
7f698b1f5000-7f698b2f3000 rw-p 00000000 00:00 0 
7f698b2f3000-7f698b2f6000 ---p 00000000 00:00 0 
7f698b2f6000-7f698b3f4000 rw-p 00000000 00:00 0 
7f698b3f4000-7f698b3f5000 ---p 00000000 00:00 0 
7f698b3f5000-7f698c000000 rw-p 00000000 00:00 0 
7f698c000000-7f698c02b000 rw-p 00000000 00:00 0 
7f698c02b000-7f6990000000 ---p 00000000 00:00 0 
7f6990000000-7f6990001000 r--s 00000000 103:04 2626229                   /home/mihajlo/.gradle/caches/modules-2/files-2.1/org.codehaus.mojo/animal-sniffer-annotations/1.14/775b7e22fb10026eed3f86e8dc556dfafe35f2d5/animal-sniffer-annotations-1.14.jar
7f6990001000-7f6990003000 r--s 00002000 103:04 2626566                   /home/mihajlo/.gradle/caches/modules-2/files-2.1/com.google.errorprone/error_prone_annotations/2.1.3/39b109f2cd352b2d71b52a3b5a1a9850e1dc304b/error_prone_annotations-2.1.3.jar
7f6990003000-7f699000a000 r--s 0003a000 103:04 2626218                   /home/mihajlo/.gradle/caches/modules-2/files-2.1/commons-codec/commons-codec/1.9/9ce04e34240f674bc72680f8b843b1457383161a/commons-codec-1.9.jar
7f699000a000-7f699000f000 r--s 00034000 103:04 2642986                   /home/mihajlo/.gradle/caches/modules-2/files-2.1/com.google.code.gson/gson/2.8.2/3edcfe49d2c6053a70a2a47e4e1c2f94998a49cf/gson-2.8.2.jar
7f699000f000-7f6990014000 r--s 00060000 103:04 2626553                   /home/mihajlo/.gradle/caches/modules-2/files-2.1/com.squareup.okhttp3/okhttp/3.10.0/7ef0f1d95bf4c0b3ba30bbae25e0e562b05cf75e/okhttp-3.10.0.jar
7f6990014000-7f6990016000 r--s 0001c000 103:04 2626551                   /home/mihajlo/.gradle/caches/modules-2/files-2.1/com.android.support.constraint/constraint-layout-solver/1.1.3/bde0667d7414c16ed62d3cfe993cff7f9d732373/constraint-layout-solver-1.1.3.jar
7f6990016000-7f6990018000 r--s 00003000 103:04 2641123                   /home/mihajlo/.gradle/caches/modules-2/files-2.1/com.google.code.findbugs/jsr305/3.0.2/25ea2e8b0c338a877313bd4672d3fe056ea78f0d/jsr305-3.0.2.jar
7f6990018000-7f6990019000 r--s 00001000 103:04 2626843                   /home/mihajlo/.gradle/caches/modules-2/files-2.1/org.checkerframework/checker-compat-qual/2.3.0/69cb4fea55a9d89b8827d107f17c985cc1a76052/checker-compat-qual-2.3.0.jar
7f6990019000-7f699001c000 r--s 00033000 103:04 2626202                   /home/mihajlo/.gradle/caches/modules-2/files-2.1/com.googlecode.juniversalchardet/juniversalchardet/1.0.3/cd49678784c46aa8789c060538e0154013bb421b/juniversalchardet-1.0.3.jar
7f699001c000-7f6990020000 r--s 0002a000 103:04 2626200                   /home/mihajlo/.gradle/caches/modules-2/files-2.1/commons-io/commons-io/2.4/b1b6ea3b7e4aa4f492509a4952029cd8e48019ad/commons-io-2.4.jar
7f6990020000-7f6990022000 r--s 00002000 103:04 2641879                   /home/mihajlo/.gradle/caches/modules-2/files-2.1/org.jetbrains.kotlin/kotlin-stdlib-jdk8/1.3.11/dd9bff00d6cfca58b6c1fe89be8e0678e35cf35f/kotlin-stdlib-jdk8-1.3.11.jar
7f6990022000-7f6990023000 r--s 00003000 103:04 2641891                   /home/mihajlo/.gradle/caches/modules-2/files-2.1/androidx.databinding/databinding-common/3.3.0/9df1ac00e230e8e9aae9c6fae20415ac31dc5253/databinding-common-3.3.0.jar
7f6990023000-7f6990024000 r--s 00000000 103:04 2626214                   /home/mihajlo/.gradle/caches/modules-2/files-2.1/javax.inject/javax.inject/1/6975da39a7040257bd51d21a231b76c915872d38/javax.inject-1.jar
7f6990024000-7f6990025000 r--s 00001000 103:04 2641131                   /home/mihajlo/.gradle/caches/modules-2/files-2.1/javax.annotation/jsr250-api/1.0/5025422767732a1ab45d93abfea846513d742dcf/jsr250-api-1.0.jar
7f6990025000-7f699002c000 r--s 00052000 103:04 2641868                   /home/mihajlo/.gradle/caches/modules-2/files-2.1/androidx.databinding/databinding-compiler-common/3.3.0/d940cafe799b457249e57fbc87eb9b7e656c1fc7/databinding-compiler-common-3.3.0.jar
7f699002c000-7f6990030000 r--s 00033000 103:04 2626845                   /home/mihajlo/.gradle/caches/modules-2/files-2.1/com.google.googlejavaformat/google-java-format/1.4/c2f8925850e17caa6da0ed1891a9e9de9414c062/google-java-format-1.4.jar
7f6990030000-7f6990033000 r--s 0000f000 103:04 2626842                   /home/mihajlo/.gradle/caches/modules-2/files-2.1/com.google.dagger/dagger-producers/2.16/4e084a99b71a31e7079603c9675cb4994aff1344/dagger-producers-2.16.jar
7f6990033000-7f6990036000 r--s 0001c000 103:04 2626841                   /home/mihajlo/.gradle/caches/modules-2/files-2.1/com.google.dagger/dagger-spi/2.16/26da9b6bf60185ca6f42da51bc20d93b2c825661/dagger-spi-2.16.jar
7f6990036000-7f6990041000 r--s 000fd000 103:04 2651442                   /home/mihajlo/.gradle/caches/modules-2/files-2.1/androidx.databinding/databinding-compiler/3.3.0/25f99ed340a7437bcad69b5464632cfcbddac420/databinding-compiler-3.3.0.jar
7f6990041000-7f6990050000 r--s 000d9000 103:04 2626844                   /home/mihajlo/.gradle/caches/modules-2/files-2.1/com.google.dagger/dagger-compiler/2.16/203235b0c6875c39a0b5053dfc2f043acab04acf/dagger-compiler-2.16.jar
7f6990050000-7f6990051000 r--s 00014000 103:04 2626569                   /home/mihajlo/.gradle/caches/modules-2/files-2.1/com.squareup.okio/okio/1.14.0/102d7be47241d781ef95f1581d414b0943053130/okio-1.14.0.jar
7f6990051000-7f6990052000 r--s 00000000 103:04 2642985                   /home/mihajlo/.gradle/caches/modules-2/files-2.1/org.reactivestreams/reactive-streams/1.0.2/323964c36556eb0e6209f65c1cef72b53b461ab8/reactive-streams-1.0.2.jar
7f6990052000-7f6990054000 r--s 00015000 103:04 2626203                   /home/mihajlo/.gradle/caches/modules-2/files-2.1/com.squareup/javapoet/1.8.0/e858dc62ef484048540d27d36f3ec2177a3fa9b1/javapoet-1.8.0.jar
7f6990054000-7f6990059000 r--s 00042000 103:04 2621628                   /home/mihajlo/.gradle/caches/modules-2/files-2.1/org.jetbrains.kotlin/kotlin-annotation-processing-gradle/1.3.11/1eee30c359110c9a5232f7b3948d3728be328fa3/kotlin-annotation-processing-gradle-1.3.11.jar
7f6990059000-7f6990074000 r--s 00394000 103:04 3408816                   /home/mihajlo/android-studio/jre/jre/lib/ext/cldrdata.jar
7f6990074000-7f6990087000 r--s 0010e000 103:04 2641892                   /home/mihajlo/.gradle/caches/modules-2/files-2.1/org.jetbrains.kotlin/kotlin-stdlib/1.3.11/4cbc5922a54376018307a731162ccaf3ef851a39/kotlin-stdlib-1.3.11.jar
7f6990087000-7f69900bd000 r--s 00250000 103:04 2641887                   /home/mihajlo/.gradle/caches/modules-2/files-2.1/org.jetbrains.kotlin/kotlin-reflect/1.3.11/aae7b33412715e9ed441934c4ffaad1bb80e9d36/kotlin-reflect-1.3.11.jar
7f69900bd000-7f6994000000 rw-p 00000000 00:00 0 
7f6994000000-7f699402b000 rw-p 00000000 00:00 0 
7f699402b000-7f6998000000 ---p 00000000 00:00 0 
7f6998000000-7f6998002000 r--s 00008000 103:04 2621727                   /home/mihajlo/.gradle/caches/modules-2/files-2.1/com.google.dagger/dagger/2.16/a54ab49a739fd87e31be49c6179a0e9a135a7f39/dagger-2.16.jar
7f6998002000-7f6998009000 r--s 0004b000 103:04 2621627                   /home/mihajlo/.gradle/caches/modules-2/files-2.1/org.jetbrains.kotlin/kotlin-android-extensions/1.3.11/61615dc1b4490a6a1940454da57496356067e488/kotlin-android-extensions-1.3.11.jar
7f6998009000-7f699800e000 r--s 0009a000 103:04 3408812                   /home/mihajlo/android-studio/jre/jre/lib/jsse.jar
7f699800e000-7f6998050000 rw-p 00000000 00:00 0 
7f6998050000-7f6998221000 r--s 03c88000 103:04 3408755                   /home/mihajlo/android-studio/jre/jre/lib/rt.jar
7f6998221000-7f6998222000 ---p 00000000 00:00 0 
7f6998222000-7f6998322000 rw-p 00000000 00:00 0 
7f6998322000-7f6998323000 ---p 00000000 00:00 0 
7f6998323000-7f6998423000 rw-p 00000000 00:00 0 
7f6998423000-7f6998424000 ---p 00000000 00:00 0 
7f6998424000-7f699860f000 rw-p 00000000 00:00 0 
7f699860f000-7f6998724000 ---p 00000000 00:00 0 
7f6998724000-7f699880f000 rw-p 00000000 00:00 0 
7f699880f000-7f6998924000 ---p 00000000 00:00 0 
7f6998924000-7f6998a24000 rw-p 00000000 00:00 0 
7f6998a24000-7f6998b1c000 rw-p 00000000 00:00 0 
7f6998b1c000-7f6998de5000 ---p 00000000 00:00 0 
7f6998de5000-7f699cb75000 rwxp 00000000 00:00 0 
7f699cb75000-7f69a7de5000 ---p 00000000 00:00 0 
7f69a7de5000-7f69a7dff000 r-xp 00000000 103:04 3408791                   /home/mihajlo/android-studio/jre/jre/lib/amd64/libzip.so
7f69a7dff000-7f69a7ffe000 ---p 0001a000 103:04 3408791                   /home/mihajlo/android-studio/jre/jre/lib/amd64/libzip.so
7f69a7ffe000-7f69a7fff000 r--p 00019000 103:04 3408791                   /home/mihajlo/android-studio/jre/jre/lib/amd64/libzip.so
7f69a7fff000-7f69a8000000 rw-p 0001a000 103:04 3408791                   /home/mihajlo/android-studio/jre/jre/lib/amd64/libzip.so
7f69a8000000-7f69a83d5000 rw-p 00000000 00:00 0 
7f69a83d5000-7f69ac000000 ---p 00000000 00:00 0 
7f69ac000000-7f69ac001000 r--s 00000000 103:04 2641894                   /home/mihajlo/.gradle/caches/modules-2/files-2.1/org.jetbrains.kotlin/kotlin-stdlib-jdk7/1.3.11/4839661cf6ce3c14b65ed7dcf5b9249b44ecca16/kotlin-stdlib-jdk7-1.3.11.jar
7f69ac001000-7f69ac008000 r--s 0001e000 103:04 2641895                   /home/mihajlo/.gradle/caches/modules-2/files-2.1/org.jetbrains.kotlin/kotlin-stdlib-common/1.3.11/d8b8e746e279f1c4f5e08bc14a96b82e6bb1de02/kotlin-stdlib-common-1.3.11.jar
7f69ac008000-7f69ac0ed000 rw-p 00000000 00:00 0 
7f69ac0ed000-7f69ac0ee000 ---p 00000000 00:00 0 
7f69ac0ee000-7f69ac1ee000 rw-p 00000000 00:00 0 
7f69ac1ee000-7f69ac1f9000 r-xp 00000000 103:04 3019797                   /lib/x86_64-linux-gnu/libnss_files-2.27.so
7f69ac1f9000-7f69ac3f8000 ---p 0000b000 103:04 3019797                   /lib/x86_64-linux-gnu/libnss_files-2.27.so
7f69ac3f8000-7f69ac3f9000 r--p 0000a000 103:04 3019797                   /lib/x86_64-linux-gnu/libnss_files-2.27.so
7f69ac3f9000-7f69ac3fa000 rw-p 0000b000 103:04 3019797                   /lib/x86_64-linux-gnu/libnss_files-2.27.so
7f69ac3fa000-7f69ac400000 rw-p 00000000 00:00 0 
7f69ac400000-7f69ac417000 r-xp 00000000 103:04 3019791                   /lib/x86_64-linux-gnu/libnsl-2.27.so
7f69ac417000-7f69ac616000 ---p 00017000 103:04 3019791                   /lib/x86_64-linux-gnu/libnsl-2.27.so
7f69ac616000-7f69ac617000 r--p 00016000 103:04 3019791                   /lib/x86_64-linux-gnu/libnsl-2.27.so
7f69ac617000-7f69ac618000 rw-p 00017000 103:04 3019791                   /lib/x86_64-linux-gnu/libnsl-2.27.so
7f69ac618000-7f69ac61a000 rw-p 00000000 00:00 0 
7f69ac61a000-7f69ac625000 r-xp 00000000 103:04 3019808                   /lib/x86_64-linux-gnu/libnss_nis-2.27.so
7f69ac625000-7f69ac824000 ---p 0000b000 103:04 3019808                   /lib/x86_64-linux-gnu/libnss_nis-2.27.so
7f69ac824000-7f69ac825000 r--p 0000a000 103:04 3019808                   /lib/x86_64-linux-gnu/libnss_nis-2.27.so
7f69ac825000-7f69ac826000 rw-p 0000b000 103:04 3019808                   /lib/x86_64-linux-gnu/libnss_nis-2.27.so
7f69ac826000-7f69ac82e000 r-xp 00000000 103:04 3019793                   /lib/x86_64-linux-gnu/libnss_compat-2.27.so
7f69ac82e000-7f69aca2e000 ---p 00008000 103:04 3019793                   /lib/x86_64-linux-gnu/libnss_compat-2.27.so
7f69aca2e000-7f69aca2f000 r--p 00008000 103:04 3019793                   /lib/x86_64-linux-gnu/libnss_compat-2.27.so
7f69aca2f000-7f69aca30000 rw-p 00009000 103:04 3019793                   /lib/x86_64-linux-gnu/libnss_compat-2.27.so
7f69aca30000-7f69aca5d000 r-xp 00000000 103:04 3408790                   /home/mihajlo/android-studio/jre/jre/lib/amd64/libjava.so
7f69aca5d000-7f69acc5c000 ---p 0002d000 103:04 3408790                   /home/mihajlo/android-studio/jre/jre/lib/amd64/libjava.so
7f69acc5c000-7f69acc5d000 r--p 0002c000 103:04 3408790                   /home/mihajlo/android-studio/jre/jre/lib/amd64/libjava.so
7f69acc5d000-7f69acc5f000 rw-p 0002d000 103:04 3408790                   /home/mihajlo/android-studio/jre/jre/lib/amd64/libjava.so
7f69acc5f000-7f69acc70000 r-xp 00000000 103:04 3408772                   /home/mihajlo/android-studio/jre/jre/lib/amd64/libverify.so
7f69acc70000-7f69ace6f000 ---p 00011000 103:04 3408772                   /home/mihajlo/android-studio/jre/jre/lib/amd64/libverify.so
7f69ace6f000-7f69ace71000 r--p 00010000 103:04 3408772                   /home/mihajlo/android-studio/jre/jre/lib/amd64/libverify.so
7f69ace71000-7f69ace72000 rw-p 00012000 103:04 3408772                   /home/mihajlo/android-studio/jre/jre/lib/amd64/libverify.so
7f69ace72000-7f69ace79000 r-xp 00000000 103:04 3019848                   /lib/x86_64-linux-gnu/librt-2.27.so
7f69ace79000-7f69ad078000 ---p 00007000 103:04 3019848                   /lib/x86_64-linux-gnu/librt-2.27.so
7f69ad078000-7f69ad079000 r--p 00006000 103:04 3019848                   /lib/x86_64-linux-gnu/librt-2.27.so
7f69ad079000-7f69ad07a000 rw-p 00007000 103:04 3019848                   /lib/x86_64-linux-gnu/librt-2.27.so
7f69ad07a000-7f69ad217000 r-xp 00000000 103:04 3019770                   /lib/x86_64-linux-gnu/libm-2.27.so
7f69ad217000-7f69ad416000 ---p 0019d000 103:04 3019770                   /lib/x86_64-linux-gnu/libm-2.27.so
7f69ad416000-7f69ad417000 r--p 0019c000 103:04 3019770                   /lib/x86_64-linux-gnu/libm-2.27.so
7f69ad417000-7f69ad418000 rw-p 0019d000 103:04 3019770                   /lib/x86_64-linux-gnu/libm-2.27.so
7f69ad418000-7f69ae084000 r-xp 00000000 103:04 3408765                   /home/mihajlo/android-studio/jre/jre/lib/amd64/server/libjvm.so
7f69ae084000-7f69ae284000 ---p 00c6c000 103:04 3408765                   /home/mihajlo/android-studio/jre/jre/lib/amd64/server/libjvm.so
7f69ae284000-7f69ae318000 r--p 00c6c000 103:04 3408765                   /home/mihajlo/android-studio/jre/jre/lib/amd64/server/libjvm.so
7f69ae318000-7f69ae340000 rw-p 00d00000 103:04 3408765                   /home/mihajlo/android-studio/jre/jre/lib/amd64/server/libjvm.so
7f69ae340000-7f69ae371000 rw-p 00000000 00:00 0 
7f69ae371000-7f69ae558000 r-xp 00000000 103:04 3019707                   /lib/x86_64-linux-gnu/libc-2.27.so
7f69ae558000-7f69ae758000 ---p 001e7000 103:04 3019707                   /lib/x86_64-linux-gnu/libc-2.27.so
7f69ae758000-7f69ae75c000 r--p 001e7000 103:04 3019707                   /lib/x86_64-linux-gnu/libc-2.27.so
7f69ae75c000-7f69ae75e000 rw-p 001eb000 103:04 3019707                   /lib/x86_64-linux-gnu/libc-2.27.so
7f69ae75e000-7f69ae762000 rw-p 00000000 00:00 0 
7f69ae762000-7f69ae765000 r-xp 00000000 103:04 3019730                   /lib/x86_64-linux-gnu/libdl-2.27.so
7f69ae765000-7f69ae964000 ---p 00003000 103:04 3019730                   /lib/x86_64-linux-gnu/libdl-2.27.so
7f69ae964000-7f69ae965000 r--p 00002000 103:04 3019730                   /lib/x86_64-linux-gnu/libdl-2.27.so
7f69ae965000-7f69ae966000 rw-p 00003000 103:04 3019730                   /lib/x86_64-linux-gnu/libdl-2.27.so
7f69ae966000-7f69ae97c000 r-xp 00000000 103:04 3408794                   /home/mihajlo/android-studio/jre/jre/lib/amd64/jli/libjli.so
7f69ae97c000-7f69aeb7c000 ---p 00016000 103:04 3408794                   /home/mihajlo/android-studio/jre/jre/lib/amd64/jli/libjli.so
7f69aeb7c000-7f69aeb7d000 r--p 00016000 103:04 3408794                   /home/mihajlo/android-studio/jre/jre/lib/amd64/jli/libjli.so
7f69aeb7d000-7f69aeb7e000 rw-p 00017000 103:04 3408794                   /home/mihajlo/android-studio/jre/jre/lib/amd64/jli/libjli.so
7f69aeb7e000-7f69aeb98000 r-xp 00000000 103:04 3019840                   /lib/x86_64-linux-gnu/libpthread-2.27.so
7f69aeb98000-7f69aed97000 ---p 0001a000 103:04 3019840                   /lib/x86_64-linux-gnu/libpthread-2.27.so
7f69aed97000-7f69aed98000 r--p 00019000 103:04 3019840                   /lib/x86_64-linux-gnu/libpthread-2.27.so
7f69aed98000-7f69aed99000 rw-p 0001a000 103:04 3019840                   /lib/x86_64-linux-gnu/libpthread-2.27.so
7f69aed99000-7f69aed9d000 rw-p 00000000 00:00 0 
7f69aed9d000-7f69aedc4000 r-xp 00000000 103:04 3019679                   /lib/x86_64-linux-gnu/ld-2.27.so
7f69aedc4000-7f69aeea7000 rw-p 00000000 00:00 0 
7f69aeea7000-7f69aeea8000 ---p 00000000 00:00 0 
7f69aeea8000-7f69aeeab000 ---p 00000000 00:00 0 
7f69aeeab000-7f69aefac000 rw-p 00000000 00:00 0 
7f69aefac000-7f69aefae000 r--s 00003000 103:04 2626219                   /home/mihajlo/.gradle/caches/modules-2/files-2.1/org.jetbrains/annotations/13.0/919f0dfe192fb4e063e7dacadee7f8bb9a2672a9/annotations-13.0.jar
7f69aefae000-7f69aefb0000 r--s 00009000 103:04 2621631                   /home/mihajlo/.gradle/caches/modules-2/files-2.1/org.jetbrains.kotlin/kotlin-script-runtime/1.3.11/1ef3a816aeacb9cd051b3ed37e2abf88910f1503/kotlin-script-runtime-1.3.11.jar
7f69aefb0000-7f69aefba000 r--s 00116000 103:04 3408823                   /home/mihajlo/android-studio/jre/jre/lib/ext/localedata.jar
7f69aefba000-7f69aefc2000 rw-s 00000000 103:04 2770600                   /tmp/hsperfdata_mihajlo/3332
7f69aefc2000-7f69aefc3000 rw-p 00000000 00:00 0 
7f69aefc3000-7f69aefc4000 ---p 00000000 00:00 0 
7f69aefc4000-7f69aefc5000 r--p 00027000 103:04 3019679                   /lib/x86_64-linux-gnu/ld-2.27.so
7f69aefc5000-7f69aefc6000 rw-p 00028000 103:04 3019679                   /lib/x86_64-linux-gnu/ld-2.27.so
7f69aefc6000-7f69aefc7000 rw-p 00000000 00:00 0 
7ffe73f3e000-7ffe73f60000 rw-p 00000000 00:00 0                          [stack]
7ffe73fd9000-7ffe73fdc000 r--p 00000000 00:00 0                          [vvar]
7ffe73fdc000-7ffe73fde000 r-xp 00000000 00:00 0                          [vdso]
ffffffffff600000-ffffffffff601000 r-xp 00000000 00:00 0                  [vsyscall]

VM Arguments:
jvm_args: -Djava.awt.headless=true -Djava.rmi.server.hostname=127.0.0.1 -Xmx1536m -Dkotlin.environment.keepalive 
java_command: org.jetbrains.kotlin.daemon.KotlinCompileDaemon --daemon-runFilesPath /home/mihajlo/.local/share/kotlin/daemon --daemon-autoshutdownIdleSeconds=7200 --daemon-compilerClasspath /home/mihajlo/.gradle/caches/modules-2/files-2.1/org.jetbrains.kotlin/kotlin-compiler-embeddable/1.3.11/a8db6c14f8b8ed74aa11b8379f961587b639c571/kotlin-compiler-embeddable-1.3.11.jar:/home/mihajlo/.gradle/caches/modules-2/files-2.1/org.jetbrains.kotlin/kotlin-reflect/1.3.11/aae7b33412715e9ed441934c4ffaad1bb80e9d36/kotlin-reflect-1.3.11.jar:/home/mihajlo/.gradle/caches/modules-2/files-2.1/org.jetbrains.kotlin/kotlin-stdlib/1.3.11/4cbc5922a54376018307a731162ccaf3ef851a39/kotlin-stdlib-1.3.11.jar:/home/mihajlo/.gradle/caches/modules-2/files-2.1/org.jetbrains.kotlin/kotlin-script-runtime/1.3.11/1ef3a816aeacb9cd051b3ed37e2abf88910f1503/kotlin-script-runtime-1.3.11.jar:/home/mihajlo/.gradle/caches/modules-2/files-2.1/org.jetbrains.kotlin/kotlin-stdlib-common/1.3.11/d8b8e746e279f1c4f5e08bc14a96b82e6bb1de02/kotlin-stdlib-common-1.3.11.jar:/home/mihajlo/.gradle/caches/modules-2/files-2.1/org.jetbrains/annotations/13.0/919f0dfe192fb4e063e7dacadee7f8bb9a2672a9/annotations-13.0.jar:/home/mihajlo/android-studio/jre/lib/tools.jar
java_class_path (initial): /home/mihajlo/.gradle/caches/modules-2/files-2.1/org.jetbrains.kotlin/kotlin-compiler-embeddable/1.3.11/a8db6c14f8b8ed74aa11b8379f961587b639c571/kotlin-compiler-embeddable-1.3.11.jar:/home/mihajlo/.gradle/caches/modules-2/files-2.1/org.jetbrains.kotlin/kotlin-reflect/1.3.11/aae7b33412715e9ed441934c4ffaad1bb80e9d36/kotlin-reflect-1.3.11.jar:/home/mihajlo/.gradle/caches/modules-2/files-2.1/org.jetbrains.kotlin/kotlin-stdlib/1.3.11/4cbc5922a54376018307a731162ccaf3ef851a39/kotlin-stdlib-1.3.11.jar:/home/mihajlo/.gradle/caches/modules-2/files-2.1/org.jetbrains.kotlin/kotlin-script-runtime/1.3.11/1ef3a816aeacb9cd051b3ed37e2abf88910f1503/kotlin-script-runtime-1.3.11.jar:/home/mihajlo/.gradle/caches/modules-2/files-2.1/org.jetbrains.kotlin/kotlin-stdlib-common/1.3.11/d8b8e746e279f1c4f5e08bc14a96b82e6bb1de02/kotlin-stdlib-common-1.3.11.jar:/home/mihajlo/.gradle/caches/modules-2/files-2.1/org.jetbrains/annotations/13.0/919f0dfe192fb4e063e7dacadee7f8bb9a2672a9/annotations-13.0.jar:/home/mihajlo/android-studio/jre/lib/tools.jar
Launcher Type: SUN_STANDARD

Environment Variables:
PATH=/usr/local/sbin:/usr/local/bin:/usr/sbin:/usr/bin:/sbin:/bin:/usr/games:/usr/local/games:/snap/bin
USERNAME=mihajlo
SHELL=/bin/bash
DISPLAY=:0

Signal Handlers:
SIGSEGV: [libjvm.so+0xa71660], sa_mask[0]=11111111011111111101111111111110, sa_flags=SA_RESTART|SA_SIGINFO
SIGBUS: [libjvm.so+0xa71660], sa_mask[0]=11111111011111111101111111111110, sa_flags=SA_RESTART|SA_SIGINFO
SIGFPE: [libjvm.so+0x8b1770], sa_mask[0]=11111111011111111101111111111110, sa_flags=SA_RESTART|SA_SIGINFO
SIGPIPE: [libjvm.so+0x8b1770], sa_mask[0]=11111111011111111101111111111110, sa_flags=SA_RESTART|SA_SIGINFO
SIGXFSZ: [libjvm.so+0x8b1770], sa_mask[0]=11111111011111111101111111111110, sa_flags=SA_RESTART|SA_SIGINFO
SIGILL: [libjvm.so+0x8b1770], sa_mask[0]=11111111011111111101111111111110, sa_flags=SA_RESTART|SA_SIGINFO
SIGUSR1: SIG_DFL, sa_mask[0]=00000000000000000000000000000000, sa_flags=none
SIGUSR2: [libjvm.so+0x8b1640], sa_mask[0]=00100000000000000000000000000000, sa_flags=SA_RESTART|SA_SIGINFO
SIGHUP: [libjvm.so+0x8b1aa0], sa_mask[0]=11111111011111111101111111111110, sa_flags=SA_RESTART|SA_SIGINFO
SIGINT: [libjvm.so+0x8b1aa0], sa_mask[0]=11111111011111111101111111111110, sa_flags=SA_RESTART|SA_SIGINFO
SIGTERM: [libjvm.so+0x8b1aa0], sa_mask[0]=11111111011111111101111111111110, sa_flags=SA_RESTART|SA_SIGINFO
SIGQUIT: [libjvm.so+0x8b1aa0], sa_mask[0]=11111111011111111101111111111110, sa_flags=SA_RESTART|SA_SIGINFO


---------------  S Y S T E M  ---------------

OS:DISTRIB_ID=Ubuntu
DISTRIB_RELEASE=18.04
DISTRIB_CODENAME=bionic
DISTRIB_DESCRIPTION="Ubuntu 18.04.1 LTS"

uname:Linux 4.15.0-45-generic #48-Ubuntu SMP Tue Jan 29 16:28:13 UTC 2019 x86_64
libc:glibc 2.27 NPTL 2.27 
rlimit: STACK 8192k, CORE 0k, NPROC 31146, NOFILE 1048576, AS infinity
load average:0,81 1,14 1,13

/proc/meminfo:
MemTotal:        8033988 kB
MemFree:          137036 kB
MemAvailable:      57500 kB
Buffers:            2836 kB
Cached:           292500 kB
SwapCached:        64920 kB
Active:          6704120 kB
Inactive:         867572 kB
Active(anon):    6679260 kB
Inactive(anon):   834360 kB
Active(file):      24860 kB
Inactive(file):    33212 kB
Unevictable:         168 kB
Mlocked:             168 kB
SwapTotal:       2097148 kB
SwapFree:           2524 kB
Dirty:              1168 kB
Writeback:             0 kB
AnonPages:       7212804 kB
Mapped:           142424 kB
Shmem:            237128 kB
Slab:             134136 kB
SReclaimable:      62712 kB
SUnreclaim:        71424 kB
KernelStack:       15008 kB
PageTables:        73652 kB
NFS_Unstable:          0 kB
Bounce:                0 kB
WritebackTmp:          0 kB
CommitLimit:     6114140 kB
Committed_AS:   15667356 kB
VmallocTotal:   34359738367 kB
VmallocUsed:           0 kB
VmallocChunk:          0 kB
HardwareCorrupted:     0 kB
AnonHugePages:         0 kB
ShmemHugePages:        0 kB
ShmemPmdMapped:        0 kB
CmaTotal:              0 kB
CmaFree:               0 kB
HugePages_Total:       0
HugePages_Free:        0
HugePages_Rsvd:        0
HugePages_Surp:        0
Hugepagesize:       2048 kB
DirectMap4k:      602740 kB
DirectMap2M:     7651328 kB
DirectMap1G:           0 kB


CPU:total 4 (initial active 4) (2 cores per cpu, 2 threads per core) family 6 model 142 stepping 9, cmov, cx8, fxsr, mmx, sse, sse2, sse3, ssse3, sse4.1, sse4.2, popcnt, avx, avx2, aes, clmul, erms, 3dnowpref, lzcnt, ht, tsc, tscinvbit, bmi1, bmi2, adx

/proc/cpuinfo:
processor	: 0
vendor_id	: GenuineIntel
cpu family	: 6
model		: 142
model name	: Intel(R) Core(TM) i7-7500U CPU @ 2.70GHz
stepping	: 9
microcode	: 0x8e
cpu MHz		: 983.661
cache size	: 4096 KB
physical id	: 0
siblings	: 4
core id		: 0
cpu cores	: 2
apicid		: 0
initial apicid	: 0
fpu		: yes
fpu_exception	: yes
cpuid level	: 22
wp		: yes
flags		: fpu vme de pse tsc msr pae mce cx8 apic sep mtrr pge mca cmov pat pse36 clflush dts acpi mmx fxsr sse sse2 ss ht tm pbe syscall nx pdpe1gb rdtscp lm constant_tsc art arch_perfmon pebs bts rep_good nopl xtopology nonstop_tsc cpuid aperfmperf tsc_known_freq pni pclmulqdq dtes64 monitor ds_cpl vmx est tm2 ssse3 sdbg fma cx16 xtpr pdcm pcid sse4_1 sse4_2 x2apic movbe popcnt tsc_deadline_timer aes xsave avx f16c rdrand lahf_lm abm 3dnowprefetch cpuid_fault epb invpcid_single pti ssbd ibrs ibpb stibp tpr_shadow vnmi flexpriority ept vpid fsgsbase tsc_adjust bmi1 avx2 smep bmi2 erms invpcid mpx rdseed adx smap clflushopt intel_pt xsaveopt xsavec xgetbv1 xsaves dtherm ida arat pln pts hwp hwp_notify hwp_act_window hwp_epp flush_l1d
bugs		: cpu_meltdown spectre_v1 spectre_v2 spec_store_bypass l1tf
bogomips	: 5808.00
clflush size	: 64
cache_alignment	: 64
address sizes	: 39 bits physical, 48 bits virtual
power management:

processor	: 1
vendor_id	: GenuineIntel
cpu family	: 6
model		: 142
model name	: Intel(R) Core(TM) i7-7500U CPU @ 2.70GHz
stepping	: 9
microcode	: 0x8e
cpu MHz		: 966.857
cache size	: 4096 KB
physical id	: 0
siblings	: 4
core id		: 1
cpu cores	: 2
apicid		: 2
initial apicid	: 2
fpu		: yes
fpu_exception	: yes
cpuid level	: 22
wp		: yes
flags		: fpu vme de pse tsc msr pae mce cx8 apic sep mtrr pge mca cmov pat pse36 clflush dts acpi mmx fxsr sse sse2 ss ht tm pbe syscall nx pdpe1gb rdtscp lm constant_tsc art arch_perfmon pebs bts rep_good nopl xtopology nonstop_tsc cpuid aperfmperf tsc_known_freq pni pclmulqdq dtes64 monitor ds_cpl vmx est tm2 ssse3 sdbg fma cx16 xtpr pdcm pcid sse4_1 sse4_2 x2apic movbe popcnt tsc_deadline_timer aes xsave avx f16c rdrand lahf_lm abm 3dnowprefetch cpuid_fault epb invpcid_single pti tpr_shadow vnmi flexpriority ept vpid fsgsbase tsc_adjust bmi1 avx2 smep bmi2 erms invpcid mpx rdseed adx smap clflushopt intel_pt xsaveopt xsavec xgetbv1 xsaves dtherm ida arat pln pts hwp hwp_notify hwp_act_window hwp_epp
bugs		: cpu_meltdown spectre_v1 spectre_v2 spec_store_bypass l1tf
bogomips	: 5808.00
clflush size	: 64
cache_alignment	: 64
address sizes	: 39 bits physical, 48 bits virtual
power management:

processor	: 2
vendor_id	: GenuineIntel
cpu family	: 6
model		: 142
model name	: Intel(R) Core(TM) i7-7500U CPU @ 2.70GHz
stepping	: 9
microcode	: 0x8e
cpu MHz		: 1215.006
cache size	: 4096 KB
physical id	: 0
siblings	: 4
core id		: 0
cpu cores	: 2
apicid		: 1
initial apicid	: 1
fpu		: yes
fpu_exception	: yes
cpuid level	: 22
wp		: yes
flags		: fpu vme de pse tsc msr pae mce cx8 apic sep mtrr pge mca cmov pat pse36 clflush dts acpi mmx fxsr sse sse2 ss ht tm pbe syscall nx pdpe1gb rdtscp lm constant_tsc art arch_perfmon pebs bts rep_good nopl xtopology nonstop_tsc cpuid aperfmperf tsc_known_freq pni pclmulqdq dtes64 monitor ds_cpl vmx est tm2 ssse3 sdbg fma cx16 xtpr pdcm pcid sse4_1 sse4_2 x2apic movbe popcnt tsc_deadline_timer aes xsave avx f16c rdrand lahf_lm abm 3dnowprefetch cpuid_fault epb invpcid_single pti ssbd ibrs ibpb stibp tpr_shadow vnmi flexpriority ept vpid fsgsbase tsc_adjust bmi1 avx2 smep bmi2 erms invpcid mpx rdseed adx smap clflushopt intel_pt xsaveopt xsavec xgetbv1 xsaves dtherm ida arat pln pts hwp hwp_notify hwp_act_window hwp_epp flush_l1d
bugs		: cpu_meltdown spectre_v1 spectre_v2 spec_store_bypass l1tf
bogomips	: 5808.00
clflush size	: 64
cache_alignment	: 64
address sizes	: 39 bits physical, 48 bits virtual
power management:

processor	: 3
vendor_id	: GenuineIntel
cpu family	: 6
model		: 142
model name	: Intel(R) Core(TM) i7-7500U CPU @ 2.70GHz
stepping	: 9
microcode	: 0x8e
cpu MHz		: 899.353
cache size	: 4096 KB
physical id	: 0
siblings	: 4
core id		: 1
cpu cores	: 2
apicid		: 3
initial apicid	: 3
fpu		: yes
fpu_exception	: yes
cpuid level	: 22
wp		: yes
flags		: fpu vme de pse tsc msr pae mce cx8 apic sep mtrr pge mca cmov pat pse36 clflush dts acpi mmx fxsr sse sse2 ss ht tm pbe syscall nx pdpe1gb rdtscp lm constant_tsc art arch_perfmon pebs bts rep_good nopl xtopology nonstop_tsc cpuid aperfmperf tsc_known_freq pni pclmulqdq dtes64 monitor ds_cpl vmx est tm2 ssse3 sdbg fma cx16 xtpr pdcm pcid sse4_1 sse4_2 x2apic movbe popcnt tsc_deadline_timer aes xsave avx f16c rdrand lahf_lm abm 3dnowprefetch cpuid_fault epb invpcid_single pti ssbd ibrs ibpb stibp tpr_shadow vnmi flexpriority ept vpid fsgsbase tsc_adjust bmi1 avx2 smep bmi2 erms invpcid mpx rdseed adx smap clflushopt intel_pt xsaveopt xsavec xgetbv1 xsaves dtherm ida arat pln pts hwp hwp_notify hwp_act_window hwp_epp flush_l1d
bugs		: cpu_meltdown spectre_v1 spectre_v2 spec_store_bypass l1tf
bogomips	: 5808.00
clflush size	: 64
cache_alignment	: 64
address sizes	: 39 bits physical, 48 bits virtual
power management:



Memory: 4k page, physical 8033988k(136540k free), swap 2097148k(2524k free)

vm_info: OpenJDK 64-Bit Server VM (25.152-b01) for linux-amd64 JRE (1.8.0_152-release-1248-b01), built by "builder" with gcc 7.3.0

time: Tue Feb  5 12:14:20 2019
elapsed time: 13272 seconds (0d 3h 41m 12s)

